<?xml version="1.0" encoding="UTF-8"?>
<!-- Generated by org.testng.reporters.JUnitXMLReporter -->
<testsuite ignored="0" hostname="VivanPC" failures="0" tests="6" name="TestUserDetail" time="10.689" errors="0" timestamp="2024-05-02T11:23:05 IST">
  <testcase classname="bb.RESTfw.testcases.UserTest_DD" name="testCreateUser" time="3.179"/>
  <testcase classname="bb.RESTfw.testcases.UserTest_DD" name="testCreateUser" time="1.248"/>
  <testcase classname="bb.RESTfw.testcases.UserTest_DD" name="testDeleteUser" time="1.227"/>
  <testcase classname="bb.RESTfw.testcases.UserTest_DD" name="testDeleteUser" time="1.241"/>
  <testcase classname="bb.RESTfw.testcases.UserTest_DD" name="testGetUser" time="1.223"/>
  <testcase classname="bb.RESTfw.testcases.UserTest_DD" name="testGetUser" time="1.272"/>
</testsuite> <!-- TestUserDetail -->
