<?xml version="1.0" encoding="UTF-8"?>
<!-- Generated by org.testng.reporters.JUnitXMLReporter -->
<testsuite ignored="0" hostname="VivanPC" failures="0" tests="6" name="Default test" time="12.985" errors="0" timestamp="2024-05-02T10:19:39 IST">
  <testcase classname="bb.RESTfw.testcases.UserTest_DD" name="testCreateUser" time="4.356"/>
  <testcase classname="bb.RESTfw.testcases.UserTest_DD" name="testCreateUser" time="1.298"/>
  <testcase classname="bb.RESTfw.testcases.UserTest_DD" name="testDeleteUser" time="1.36"/>
  <testcase classname="bb.RESTfw.testcases.UserTest_DD" name="testDeleteUser" time="1.445"/>
  <testcase classname="bb.RESTfw.testcases.UserTest_DD" name="testGetUser" time="1.472"/>
  <testcase classname="bb.RESTfw.testcases.UserTest_DD" name="testGetUser" time="1.355"/>
</testsuite> <!-- Default test -->
