<?xml version="1.0" encoding="UTF-8"?>
<testng-results ignored="0" total="6" passed="6" failed="0" skipped="0">
  <reporter-output>
  </reporter-output>
  <suite started-at="2024-05-02T10:19:26 IST" name="Default suite" finished-at="2024-05-02T10:19:39 IST" duration-ms="12985">
    <groups>
    </groups>
    <test started-at="2024-05-02T10:19:26 IST" name="Default test" finished-at="2024-05-02T10:19:39 IST" duration-ms="12985">
      <class name="bb.RESTfw.testcases.UserTest_DD">
        <test-method signature="testCreateUser(java.lang.String,java.lang.String,java.lang.String,java.lang.String,java.lang.String,java.lang.String,java.lang.String,java.lang.String)[pri:1, instance:bb.RESTfw.testcases.UserTest_DD@3febb011]" started-at="2024-05-02T10:19:28 IST" name="testCreateUser" data-provider="userData" finished-at="2024-05-02T10:19:32 IST" duration-ms="4356" status="PASS">
          <params>
            <param index="0">
              <value>
                <![CDATA[2020]]>
              </value>
            </param>
            <param index="1">
              <value>
                <![CDATA[John]]>
              </value>
            </param>
            <param index="2">
              <value>
                <![CDATA[Doe]]>
              </value>
            </param>
            <param index="3">
              <value>
                <![CDATA[johndoe123]]>
              </value>
            </param>
            <param index="4">
              <value>
                <![CDATA[john.doe@example.com]]>
              </value>
            </param>
            <param index="5">
              <value>
                <![CDATA[987654321]]>
              </value>
            </param>
            <param index="6">
              <value>
                <![CDATA[test123]]>
              </value>
            </param>
            <param index="7">
              <value>
                <![CDATA[0]]>
              </value>
            </param>
          </params>
          <reporter-output>
          </reporter-output>
        </test-method> <!-- testCreateUser -->
        <test-method signature="testCreateUser(java.lang.String,java.lang.String,java.lang.String,java.lang.String,java.lang.String,java.lang.String,java.lang.String,java.lang.String)[pri:1, instance:bb.RESTfw.testcases.UserTest_DD@3febb011]" started-at="2024-05-02T10:19:32 IST" name="testCreateUser" data-provider="userData" finished-at="2024-05-02T10:19:33 IST" duration-ms="1298" status="PASS">
          <params>
            <param index="0">
              <value>
                <![CDATA[2021]]>
              </value>
            </param>
            <param index="1">
              <value>
                <![CDATA[Alice]]>
              </value>
            </param>
            <param index="2">
              <value>
                <![CDATA[Smith]]>
              </value>
            </param>
            <param index="3">
              <value>
                <![CDATA[alicesmith456]]>
              </value>
            </param>
            <param index="4">
              <value>
                <![CDATA[alice.smith@example.com]]>
              </value>
            </param>
            <param index="5">
              <value>
                <![CDATA[658746964]]>
              </value>
            </param>
            <param index="6">
              <value>
                <![CDATA[test123]]>
              </value>
            </param>
            <param index="7">
              <value>
                <![CDATA[1]]>
              </value>
            </param>
          </params>
          <reporter-output>
          </reporter-output>
        </test-method> <!-- testCreateUser -->
        <test-method signature="testDeleteUser(java.lang.String)[pri:2, instance:bb.RESTfw.testcases.UserTest_DD@3febb011]" started-at="2024-05-02T10:19:33 IST" name="testDeleteUser" data-provider="userNameData" finished-at="2024-05-02T10:19:35 IST" duration-ms="1360" status="PASS">
          <params>
            <param index="0">
              <value>
                <![CDATA[johndoe123]]>
              </value>
            </param>
          </params>
          <reporter-output>
          </reporter-output>
        </test-method> <!-- testDeleteUser -->
        <test-method signature="testDeleteUser(java.lang.String)[pri:2, instance:bb.RESTfw.testcases.UserTest_DD@3febb011]" started-at="2024-05-02T10:19:35 IST" name="testDeleteUser" data-provider="userNameData" finished-at="2024-05-02T10:19:36 IST" duration-ms="1445" status="PASS">
          <params>
            <param index="0">
              <value>
                <![CDATA[alicesmith456]]>
              </value>
            </param>
          </params>
          <reporter-output>
          </reporter-output>
        </test-method> <!-- testDeleteUser -->
        <test-method signature="testGetUser(java.lang.String)[pri:3, instance:bb.RESTfw.testcases.UserTest_DD@3febb011]" started-at="2024-05-02T10:19:36 IST" name="testGetUser" data-provider="userNameData" finished-at="2024-05-02T10:19:38 IST" duration-ms="1472" status="PASS">
          <params>
            <param index="0">
              <value>
                <![CDATA[johndoe123]]>
              </value>
            </param>
          </params>
          <reporter-output>
          </reporter-output>
        </test-method> <!-- testGetUser -->
        <test-method signature="testGetUser(java.lang.String)[pri:3, instance:bb.RESTfw.testcases.UserTest_DD@3febb011]" started-at="2024-05-02T10:19:38 IST" name="testGetUser" data-provider="userNameData" finished-at="2024-05-02T10:19:39 IST" duration-ms="1355" status="PASS">
          <params>
            <param index="0">
              <value>
                <![CDATA[alicesmith456]]>
              </value>
            </param>
          </params>
          <reporter-output>
          </reporter-output>
        </test-method> <!-- testGetUser -->
      </class> <!-- bb.RESTfw.testcases.UserTest_DD -->
    </test> <!-- Default test -->
  </suite> <!-- Default suite -->
</testng-results>
