<?xml version="1.0" encoding="UTF-8"?>
<!-- Generated by org.testng.reporters.JUnitReportReporter -->
<testsuite hostname="VivanPC" failures="0" tests="3" name="api.runner.TestRunner" time="9.875" errors="1" timestamp="2024-01-30T13:01:33 IST" skipped="0">
  <testcase classname="api.runner.TestRunner" name="runScenario" time="3.772"/>
  <system-out/>
  <testcase classname="api.runner.TestRunner" name="runScenario" time="0.208">
    <error message="Cannot parse object because no supported Content-Type was specified in response. Content-Type was &#039;text/html;charset=utf-8&#039;." type="java.lang.IllegalStateException">
      <![CDATA[java.lang.IllegalStateException: Cannot parse object because no supported Content-Type was specified in response. Content-Type was 'text/html;charset=utf-8'.
at java.base/jdk.internal.reflect.NativeConstructorAccessorImpl.newInstance0(Native Method)
at java.base/jdk.internal.reflect.NativeConstructorAccessorImpl.newInstance(NativeConstructorAccessorImpl.java:77)
at java.base/jdk.internal.reflect.DelegatingConstructorAccessorImpl.newInstance(DelegatingConstructorAccessorImpl.java:45)
at java.base/java.lang.reflect.Constructor.newInstanceWithCaller(Constructor.java:499)
at java.base/java.lang.reflect.Constructor.newInstance(Constructor.java:480)
at org.codehaus.groovy.reflection.CachedConstructor.invoke(CachedConstructor.java:73)
at org.codehaus.groovy.runtime.callsite.ConstructorSite$ConstructorSiteNoUnwrapNoCoerce.callConstructor(ConstructorSite.java:108)
at org.codehaus.groovy.runtime.callsite.CallSiteArray.defaultCallConstructor(CallSiteArray.java:57)
at org.codehaus.groovy.runtime.callsite.AbstractCallSite.callConstructor(AbstractCallSite.java:263)
at org.codehaus.groovy.runtime.callsite.AbstractCallSite.callConstructor(AbstractCallSite.java:277)
at io.restassured.internal.mapping.ObjectMapping.deserialize(ObjectMapping.groovy:95)
at io.restassured.internal.mapping.ObjectMapping$deserialize.call(Unknown Source)
at org.codehaus.groovy.runtime.callsite.CallSiteArray.defaultCall(CallSiteArray.java:45)
at org.codehaus.groovy.runtime.callsite.AbstractCallSite.call(AbstractCallSite.java:125)
at io.restassured.internal.RestAssuredResponseOptionsGroovyImpl.as(RestAssuredResponseOptionsGroovyImpl.groovy:229)
at io.restassured.internal.RestAssuredResponseOptionsImpl.as(RestAssuredResponseOptionsImpl.java:169)
at api.step.definations.CreateBugJIRA.i_send_a_get_request_to_retrieve_the_issue_details(CreateBugJIRA.java:82)
at ✽.I send a GET request to retrieve the issue details(file:///C:/Users/basub/Desktop/BB_Automation/RESTAssured_Workspace/com.prac.location/src/test/resources/featureFiles/AddingJIRABug.feature:25)
]]>
    </error>
  </testcase> <!-- runScenario -->
  <system-out/>
  <testcase classname="api.runner.TestRunner" name="runScenario" time="5.895"/>
  <system-out/>
</testsuite> <!-- api.runner.TestRunner -->
