<?xml version="1.0" encoding="UTF-8"?>
<!-- Generated by org.testng.reporters.JUnitXMLReporter -->
<testsuite ignored="0" hostname="VivanPC" failures="2" tests="6" name="TestUserDetail" time="10.208" errors="0" timestamp="2024-04-30T12:44:48 IST">
  <testcase classname="bb.RESTfw.testcases.UserTest_DD" name="testCreateUser" time="2.879"/>
  <testcase classname="bb.RESTfw.testcases.UserTest_DD" name="testCreateUser" time="1.244"/>
  <testcase classname="bb.RESTfw.testcases.UserTest_DD" name="testDeleteUser" time="1.255"/>
  <testcase classname="bb.RESTfw.testcases.UserTest_DD" name="testDeleteUser" time="1.278"/>
  <testcase classname="bb.RESTfw.testcases.UserTest_DD" name="testGetUser" time="1.239">
    <failure type="java.lang.AssertionError" message="expected [200] but found [404]">
      <![CDATA[java.lang.AssertionError: expected [200] but found [404]
at bb.RESTfw.testcases.UserTest_DD.testGetUser(UserTest_DD.java:63)
at java.base/java.util.ArrayList.forEach(ArrayList.java:1511)
... Removed 34 stack frames]]>
    </failure>
  </testcase> <!-- testGetUser -->
  <testcase classname="bb.RESTfw.testcases.UserTest_DD" name="testGetUser" time="1.226">
    <failure type="java.lang.AssertionError" message="expected [200] but found [404]">
      <![CDATA[java.lang.AssertionError: expected [200] but found [404]
at bb.RESTfw.testcases.UserTest_DD.testGetUser(UserTest_DD.java:63)
at java.base/java.util.ArrayList.forEach(ArrayList.java:1511)
... Removed 34 stack frames]]>
    </failure>
  </testcase> <!-- testGetUser -->
</testsuite> <!-- TestUserDetail -->
